#
# There is insufficient memory for the Java Runtime Environment to continue.
# Native memory allocation (mmap) failed to map 40894464 bytes for G1 virtual space
# Possible reasons:
#   The system is out of physical RAM or swap space
#   The process is running with CompressedOops enabled, and the Java Heap may be blocking the growth of the native heap
# Possible solutions:
#   Reduce memory load on the system
#   Increase physical memory or swap space
#   Check if swap backing store is full
#   Decrease Java heap size (-Xmx/-Xms)
#   Decrease number of Java threads
#   Decrease Java thread stack sizes (-Xss)
#   Set larger code cache with -XX:ReservedCodeCacheSize=
#   JVM is running with Unscaled Compressed Oops mode in which the Java heap is
#     placed in the first 4GB address space. The Java Heap base address is the
#     maximum limit for the native heap growth. Please use -XX:HeapBaseMinAddress
#     to set the Java Heap base and to place the Java Heap above 4GB virtual address.
# This output file may be truncated or incomplete.
#
#  Out of Memory Error (os_windows.cpp:3600), pid=46632, tid=488
#
# JRE version: Java(TM) SE Runtime Environment (21.0.2+13) (build 21.0.2+13-LTS-58)
# Java VM: Java HotSpot(TM) 64-Bit Server VM (21.0.2+13-LTS-58, mixed mode, emulated-client, sharing, tiered, compressed oops, compressed class ptrs, g1 gc, windows-amd64)
# No core dump will be written. Minidumps are not enabled by default on client versions of Windows
#

---------------  S U M M A R Y ------------

Command Line: -agentlib:jdwp=transport=dt_socket,address=127.0.0.1:63000,suspend=y,server=n -agentpath:C:\Users\LAGHAA~1\AppData\Local\Temp\idea_libasyncProfiler_dll_temp_folder9350\libasyncProfiler.dll=version,jfr,event=wall,interval=10ms,cstack=no,file=C:\Users\Lagha Ameni\IdeaSnapshots\SpringSecurityJwtApplication_2026_03_31_200937.jfr,dbghelppath=C:\Users\LAGHAA~1\AppData\Local\Temp\idea_dbghelp_dll_temp_folder23027\dbghelp.dll,log=C:\Users\LAGHAA~1\AppData\Local\Temp\SpringSecurityJwtApplication_2026_03_31_200937.jfr.log.txt,logLevel=DEBUG -XX:TieredStopAtLevel=1 -Dspring.output.ansi.enabled=always -Dcom.sun.management.jmxremote -Dspring.jmx.enabled=true -Dspring.liveBeansView.mbeanDomain -Dspring.application.admin.enabled=true -Dmanagement.endpoints.jmx.exposure.include=* -javaagent:C:\Users\LAGHAA~1\AppData\Local\Temp\captureAgent23382jars\debugger-agent.jar -Dkotlinx.coroutines.debug.enable.creation.stack.trace=false -Ddebugger.agent.enable.coroutines=true -Dkotlinx.coroutines.debug.enable.flows.stack.trace=true -Dkotlinx.coroutines.debug.enable.mutable.state.flows.stack.trace=true -Dfile.encoding=UTF-8 -Dsun.stdout.encoding=UTF-8 -Dsun.stderr.encoding=UTF-8 com.example.security.SpringSecurityJwtApplication

Host: 12th Gen Intel(R) Core(TM) i7-12650H, 16 cores, 7G,  Windows 11 , 64 bit Build 26100 (10.0.26100.7920)
Time: Tue Mar 31 20:10:32 2026 Afr. centrale Ouest elapsed time: 53.801926 seconds (0d 0h 0m 53s)

---------------  T H R E A D  ---------------

Current thread (0x0000024149912650):  VMThread "VM Thread"          [id=488, stack(0x0000004ccde00000,0x0000004ccdf00000) (1024K)]

Stack: [0x0000004ccde00000,0x0000004ccdf00000]
Native frames: (J=compiled Java code, j=interpreted, Vv=VM code, C=native code)
V  [jvm.dll+0x6cade9]
V  [jvm.dll+0x8569c1]
V  [jvm.dll+0x858d2e]
V  [jvm.dll+0x859413]
V  [jvm.dll+0x280e56]
V  [jvm.dll+0x6c74d5]
V  [jvm.dll+0x6bbeca]
V  [jvm.dll+0x355bca]
V  [jvm.dll+0x35d816]
V  [jvm.dll+0x3ae67e]
V  [jvm.dll+0x3ae928]
V  [jvm.dll+0x3295dc]
V  [jvm.dll+0x329667]
V  [jvm.dll+0x36df1c]
V  [jvm.dll+0x36c71d]
V  [jvm.dll+0x328d51]
V  [jvm.dll+0x36be2a]
V  [jvm.dll+0x85ef18]
V  [jvm.dll+0x860014]
V  [jvm.dll+0x860550]
V  [jvm.dll+0x8607f3]
V  [jvm.dll+0x7ff568]
V  [jvm.dll+0x6c953d]
C  [ucrtbase.dll+0x37b0]
C  [KERNEL32.DLL+0x2e8d7]
C  [ntdll.dll+0x8c48c]

VM_Operation (0x0000004ccd7f7700): G1CollectForAllocation, mode: safepoint, requested by thread 0x0000024137d59450


---------------  P R O C E S S  ---------------

Threads class SMR info:
_java_thread_list=0x0000024190ed5f10, length=18, elements={
0x0000024137d59450, 0x00000241499368a0, 0x0000024149937520, 0x000002414993ce50,
0x000002414995d8c0, 0x0000024149960e20, 0x000002414996a890, 0x000002414996ecd0,
0x0000024149a67980, 0x0000024149ad34d0, 0x0000024149af4fc0, 0x0000024149afb660,
0x0000024149b94630, 0x000002418f672740, 0x000002418fca3990, 0x000002418ff1bd70,
0x0000024149a29680, 0x00000241938f9d50
}

Java Threads: ( => current thread )
  0x0000024137d59450 JavaThread "main"                              [_thread_blocked, id=44580, stack(0x0000004ccd700000,0x0000004ccd800000) (1024K)]
  0x00000241499368a0 JavaThread "Reference Handler"          daemon [_thread_blocked, id=6228, stack(0x0000004ccdf00000,0x0000004cce000000) (1024K)]
  0x0000024149937520 JavaThread "Finalizer"                  daemon [_thread_blocked, id=9188, stack(0x0000004cce000000,0x0000004cce100000) (1024K)]
  0x000002414993ce50 JavaThread "Signal Dispatcher"          daemon [_thread_blocked, id=9520, stack(0x0000004cce100000,0x0000004cce200000) (1024K)]
  0x000002414995d8c0 JavaThread "Attach Listener"            daemon [_thread_blocked, id=4900, stack(0x0000004cce200000,0x0000004cce300000) (1024K)]
  0x0000024149960e20 JavaThread "Service Thread"             daemon [_thread_blocked, id=45116, stack(0x0000004cce300000,0x0000004cce400000) (1024K)]
  0x000002414996a890 JavaThread "Monitor Deflation Thread"   daemon [_thread_blocked, id=7948, stack(0x0000004cce400000,0x0000004cce500000) (1024K)]
  0x000002414996ecd0 JavaThread "C1 CompilerThread0"         daemon [_thread_blocked, id=45532, stack(0x0000004cce500000,0x0000004cce600000) (1024K)]
  0x0000024149a67980 JavaThread "Common-Cleaner"             daemon [_thread_blocked, id=47128, stack(0x0000004cce600000,0x0000004cce700000) (1024K)]
  0x0000024149ad34d0 JavaThread "JDWP Transport Listener: dt_socket" daemon [_thread_blocked, id=47136, stack(0x0000004cce700000,0x0000004cce800000) (1024K)]
  0x0000024149af4fc0 JavaThread "JDWP Event Helper Thread"   daemon [_thread_blocked, id=47140, stack(0x0000004cce800000,0x0000004cce900000) (1024K)]
  0x0000024149afb660 JavaThread "JDWP Command Reader"        daemon [_thread_in_native, id=47144, stack(0x0000004cce900000,0x0000004ccea00000) (1024K)]
  0x0000024149b94630 JavaThread "Notification Thread"        daemon [_thread_blocked, id=47168, stack(0x0000004ccea00000,0x0000004cceb00000) (1024K)]
  0x000002418f672740 JavaThread "C1 CompilerThread1"         daemon [_thread_blocked, id=47528, stack(0x0000004cceb00000,0x0000004ccec00000) (1024K)]
  0x000002418fca3990 JavaThread "C1 CompilerThread2"         daemon [_thread_blocked, id=47532, stack(0x0000004ccec00000,0x0000004cced00000) (1024K)]
  0x000002418ff1bd70 JavaThread "RMI TCP Accept-0"           daemon [_thread_in_native, id=47400, stack(0x0000004ccef00000,0x0000004ccf000000) (1024K)]
  0x0000024149a29680 JavaThread "mysql-cj-abandoned-connection-cleanup" daemon [_thread_blocked, id=47500, stack(0x0000004ccee00000,0x0000004ccef00000) (1024K)]
  0x00000241938f9d50 JavaThread "HikariPool-1 housekeeper"   daemon [_thread_blocked, id=47316, stack(0x0000004ccfe00000,0x0000004ccff00000) (1024K)]
Total: 18

Other Threads:
=>0x0000024149912650 VMThread "VM Thread"                           [id=488, stack(0x0000004ccde00000,0x0000004ccdf00000) (1024K)]
  0x0000024140509ba0 WatcherThread "VM Periodic Task Thread"        [id=17948, stack(0x0000004ccdd00000,0x0000004ccde00000) (1024K)]
  0x00000241403e3e70 WorkerThread "GC Thread#0"                     [id=8548, stack(0x0000004ccd800000,0x0000004ccd900000) (1024K)]
  0x000002418ff076c0 WorkerThread "GC Thread#1"                     [id=47424, stack(0x0000004ccf000000,0x0000004ccf100000) (1024K)]
  0x000002418ff49660 WorkerThread "GC Thread#2"                     [id=47432, stack(0x0000004ccf100000,0x0000004ccf200000) (1024K)]
  0x000002418ff5d040 WorkerThread "GC Thread#3"                     [id=47404, stack(0x0000004ccf200000,0x0000004ccf300000) (1024K)]
  0x000002418ff53610 WorkerThread "GC Thread#4"                     [id=47392, stack(0x0000004ccf300000,0x0000004ccf400000) (1024K)]
  0x000002418ff7c300 WorkerThread "GC Thread#5"                     [id=47428, stack(0x0000004ccf400000,0x0000004ccf500000) (1024K)]
  0x000002418ff7d310 WorkerThread "GC Thread#6"                     [id=47440, stack(0x0000004ccf500000,0x0000004ccf600000) (1024K)]
  0x000002418ff7d6b0 WorkerThread "GC Thread#7"                     [id=47444, stack(0x0000004ccf600000,0x0000004ccf700000) (1024K)]
  0x000002418ff7e8d0 WorkerThread "GC Thread#8"                     [id=47456, stack(0x0000004ccf700000,0x0000004ccf800000) (1024K)]
  0x000002418ff7ec70 WorkerThread "GC Thread#9"                     [id=47928, stack(0x0000004ccf800000,0x0000004ccf900000) (1024K)]
  0x000002418ff7da50 WorkerThread "GC Thread#10"                    [id=45484, stack(0x0000004ccf900000,0x0000004ccfa00000) (1024K)]
  0x000002418ff7ddf0 WorkerThread "GC Thread#11"                    [id=8464, stack(0x0000004ccfa00000,0x0000004ccfb00000) (1024K)]
  0x000002418ff7e190 WorkerThread "GC Thread#12"                    [id=43904, stack(0x0000004ccfb00000,0x0000004ccfc00000) (1024K)]
  0x00000241403f44c0 ConcurrentGCThread "G1 Main Marker"            [id=44188, stack(0x0000004ccd900000,0x0000004ccda00000) (1024K)]
  0x0000024137d5dac0 WorkerThread "G1 Conc#0"                       [id=38476, stack(0x0000004ccda00000,0x0000004ccdb00000) (1024K)]
  0x00000241901b8c10 WorkerThread "G1 Conc#1"                       [id=47536, stack(0x0000004ccfc00000,0x0000004ccfd00000) (1024K)]
  0x00000241901b7650 WorkerThread "G1 Conc#2"                       [id=5864, stack(0x0000004ccfd00000,0x0000004ccfe00000) (1024K)]
  0x00000241404b2000 ConcurrentGCThread "G1 Refine#0"               [id=45816, stack(0x0000004ccdb00000,0x0000004ccdc00000) (1024K)]
  0x00000241404b2980 ConcurrentGCThread "G1 Service"                [id=46772, stack(0x0000004ccdc00000,0x0000004ccdd00000) (1024K)]
Total: 21

Threads with active compile tasks:
Total: 0

VM state: at safepoint (normal execution)

VM Mutex/Monitor currently owned by a thread:  ([mutex/lock_event])
[0x00007ffbb6d2cd68] Threads_lock - owner thread: 0x0000024149912650
[0x00007ffbb6d2ce68] Heap_lock - owner thread: 0x0000024137d59450

Heap address: 0x0000000084a00000, size: 1974 MB, Compressed Oops mode: 32-bit

CDS archive(s) mapped at: [0x000002414a000000-0x000002414ac90000-0x000002414ac90000), size 13172736, SharedBaseAddress: 0x000002414a000000, ArchiveRelocationMode: 1.
Compressed class space mapped at: 0x000002414b000000-0x000002418b000000, reserved size: 1073741824
Narrow klass base: 0x000002414a000000, Narrow klass shift: 0, Narrow klass range: 0x100000000

GC Precious Log:
 CardTable entry size: 512
 Card Set container configuration: InlinePtr #cards 5 size 8 Array Of Cards #cards 12 size 40 Howl #buckets 4 coarsen threshold 1843 Howl Bitmap #cards 512 size 80 coarsen threshold 460 Card regions per heap region 1 cards per card region 2048
 CPUs: 16 total, 16 available
 Memory: 7893M
 Large Page Support: Disabled
 NUMA Support: Disabled
 Compressed Oops: Enabled (32-bit)
 Heap Region Size: 1M
 Heap Min Capacity: 8M
 Heap Initial Capacity: 124M
 Heap Max Capacity: 1974M
 Pre-touch: Disabled
 Parallel Workers: 13
 Concurrent Workers: 3
 Concurrent Refinement Workers: 13
 Periodic GC: Disabled

Heap:
 garbage-first heap   total 61440K, used 35435K [0x0000000084a00000, 0x0000000100000000)
  region size 1024K, 3 young (3072K), 3 survivors (3072K)
 Metaspace       used 71401K, committed 72064K, reserved 1114112K
  class space    used 10000K, committed 10304K, reserved 1048576K

Heap Regions: E=young(eden), S=young(survivor), O=old, HS=humongous(starts), HC=humongous(continues), CS=collection set, F=free, TAMS=top-at-mark-start, PB=parsable bottom
|   0|0x0000000084a00000, 0x0000000084b00000, 0x0000000084b00000|100%|HS|  |TAMS 0x0000000084b00000| PB 0x0000000084a00000| Complete 
|   1|0x0000000084b00000, 0x0000000084c00000, 0x0000000084c00000|100%| O|  |TAMS 0x0000000084c00000| PB 0x0000000084b00000| Untracked 
|   2|0x0000000084c00000, 0x0000000084d00000, 0x0000000084d00000|100%| O|  |TAMS 0x0000000084d00000| PB 0x0000000084c00000| Untracked 
|   3|0x0000000084d00000, 0x0000000084e00000, 0x0000000084e00000|100%| O|  |TAMS 0x0000000084e00000| PB 0x0000000084d00000| Untracked 
|   4|0x0000000084e00000, 0x0000000084f00000, 0x0000000084f00000|100%| O|  |TAMS 0x0000000084f00000| PB 0x0000000084e00000| Untracked 
|   5|0x0000000084f00000, 0x0000000085000000, 0x0000000085000000|100%| O|  |TAMS 0x0000000085000000| PB 0x0000000084f00000| Untracked 
|   6|0x0000000085000000, 0x0000000085100000, 0x0000000085100000|100%| O|  |TAMS 0x0000000085100000| PB 0x0000000085000000| Untracked 
|   7|0x0000000085100000, 0x0000000085200000, 0x0000000085200000|100%| O|  |TAMS 0x0000000085200000| PB 0x0000000085100000| Untracked 
|   8|0x0000000085200000, 0x0000000085300000, 0x0000000085300000|100%| O|  |TAMS 0x0000000085300000| PB 0x0000000085200000| Untracked 
|   9|0x0000000085300000, 0x0000000085400000, 0x0000000085400000|100%| O|  |TAMS 0x0000000085400000| PB 0x0000000085300000| Untracked 
|  10|0x0000000085400000, 0x0000000085500000, 0x0000000085500000|100%| O|  |TAMS 0x0000000085500000| PB 0x0000000085400000| Untracked 
|  11|0x0000000085500000, 0x0000000085600000, 0x0000000085600000|100%| O|  |TAMS 0x0000000085600000| PB 0x0000000085500000| Untracked 
|  12|0x0000000085600000, 0x0000000085700000, 0x0000000085700000|100%| O|  |TAMS 0x0000000085700000| PB 0x0000000085600000| Untracked 
|  13|0x0000000085700000, 0x0000000085800000, 0x0000000085800000|100%| O|  |TAMS 0x0000000085800000| PB 0x0000000085700000| Untracked 
|  14|0x0000000085800000, 0x0000000085900000, 0x0000000085900000|100%| O|  |TAMS 0x0000000085900000| PB 0x0000000085800000| Untracked 
|  15|0x0000000085900000, 0x0000000085a00000, 0x0000000085a00000|100%| O|  |TAMS 0x0000000085a00000| PB 0x0000000085900000| Untracked 
|  16|0x0000000085a00000, 0x0000000085b00000, 0x0000000085b00000|100%| O|  |TAMS 0x0000000085b00000| PB 0x0000000085a00000| Untracked 
|  17|0x0000000085b00000, 0x0000000085c00000, 0x0000000085c00000|100%| O|  |TAMS 0x0000000085c00000| PB 0x0000000085b00000| Untracked 
|  18|0x0000000085c00000, 0x0000000085d00000, 0x0000000085d00000|100%| O|  |TAMS 0x0000000085d00000| PB 0x0000000085c00000| Untracked 
|  19|0x0000000085d00000, 0x0000000085e00000, 0x0000000085e00000|100%| O|  |TAMS 0x0000000085e00000| PB 0x0000000085d00000| Untracked 
|  20|0x0000000085e00000, 0x0000000085f00000, 0x0000000085f00000|100%| O|  |TAMS 0x0000000085f00000| PB 0x0000000085e00000| Untracked 
|  21|0x0000000085f00000, 0x0000000086000000, 0x0000000086000000|100%| O|  |TAMS 0x0000000086000000| PB 0x0000000085f00000| Untracked 
|  22|0x0000000086000000, 0x0000000086000000, 0x0000000086100000|  0%| F|  |TAMS 0x0000000086000000| PB 0x0000000086000000| Untracked 
|  23|0x0000000086100000, 0x0000000086200000, 0x0000000086200000|100%| O|  |TAMS 0x0000000086200000| PB 0x0000000086100000| Untracked 
|  24|0x0000000086200000, 0x0000000086300000, 0x0000000086300000|100%| O|  |TAMS 0x0000000086300000| PB 0x0000000086200000| Untracked 
|  25|0x0000000086300000, 0x0000000086400000, 0x0000000086400000|100%| O|  |TAMS 0x0000000086400000| PB 0x0000000086300000| Untracked 
|  26|0x0000000086400000, 0x0000000086500000, 0x0000000086500000|100%| O|  |TAMS 0x0000000086500000| PB 0x0000000086400000| Untracked 
|  27|0x0000000086500000, 0x0000000086600000, 0x0000000086600000|100%| O|  |TAMS 0x0000000086600000| PB 0x0000000086500000| Untracked 
|  28|0x0000000086600000, 0x0000000086700000, 0x0000000086700000|100%| O|  |TAMS 0x0000000086700000| PB 0x0000000086600000| Untracked 
|  29|0x0000000086700000, 0x0000000086800000, 0x0000000086800000|100%| O|  |TAMS 0x0000000086800000| PB 0x0000000086700000| Untracked 
|  30|0x0000000086800000, 0x0000000086900000, 0x0000000086900000|100%| O|  |TAMS 0x0000000086900000| PB 0x0000000086800000| Untracked 
|  31|0x0000000086900000, 0x0000000086a00000, 0x0000000086a00000|100%| O|  |TAMS 0x0000000086a00000| PB 0x0000000086900000| Untracked 
|  32|0x0000000086a00000, 0x0000000086a00000, 0x0000000086b00000|  0%| F|  |TAMS 0x0000000086a00000| PB 0x0000000086a00000| Untracked 
|  33|0x0000000086b00000, 0x0000000086bcf6e8, 0x0000000086c00000| 81%| S|CS|TAMS 0x0000000086b00000| PB 0x0000000086b00000| Complete 
|  34|0x0000000086c00000, 0x0000000086d00000, 0x0000000086d00000|100%| S|CS|TAMS 0x0000000086c00000| PB 0x0000000086c00000| Complete 
|  35|0x0000000086d00000, 0x0000000086dcb700, 0x0000000086e00000| 79%| O|  |TAMS 0x0000000086dcb700| PB 0x0000000086d00000| Untracked 
|  36|0x0000000086e00000, 0x0000000086f00000, 0x0000000086f00000|100%| S|CS|TAMS 0x0000000086e00000| PB 0x0000000086e00000| Complete 
|  37|0x0000000086f00000, 0x0000000086f00000, 0x0000000087000000|  0%| F|  |TAMS 0x0000000086f00000| PB 0x0000000086f00000| Untracked 
|  38|0x0000000087000000, 0x0000000087000000, 0x0000000087100000|  0%| F|  |TAMS 0x0000000087000000| PB 0x0000000087000000| Untracked 
|  39|0x0000000087100000, 0x0000000087100000, 0x0000000087200000|  0%| F|  |TAMS 0x0000000087100000| PB 0x0000000087100000| Untracked 
|  40|0x0000000087200000, 0x0000000087200000, 0x0000000087300000|  0%| F|  |TAMS 0x0000000087200000| PB 0x0000000087200000| Untracked 
|  41|0x0000000087300000, 0x0000000087300000, 0x0000000087400000|  0%| F|  |TAMS 0x0000000087300000| PB 0x0000000087300000| Untracked 
|  42|0x0000000087400000, 0x0000000087400000, 0x0000000087500000|  0%| F|  |TAMS 0x0000000087400000| PB 0x0000000087400000| Untracked 
|  43|0x0000000087500000, 0x0000000087500000, 0x0000000087600000|  0%| F|  |TAMS 0x0000000087500000| PB 0x0000000087500000| Untracked 
|  44|0x0000000087600000, 0x0000000087600000, 0x0000000087700000|  0%| F|  |TAMS 0x0000000087600000| PB 0x0000000087600000| Untracked 
|  45|0x0000000087700000, 0x0000000087700000, 0x0000000087800000|  0%| F|  |TAMS 0x0000000087700000| PB 0x0000000087700000| Untracked 
|  46|0x0000000087800000, 0x0000000087800000, 0x0000000087900000|  0%| F|  |TAMS 0x0000000087800000| PB 0x0000000087800000| Untracked 
|  47|0x0000000087900000, 0x0000000087900000, 0x0000000087a00000|  0%| F|  |TAMS 0x0000000087900000| PB 0x0000000087900000| Untracked 
|  48|0x0000000087a00000, 0x0000000087a00000, 0x0000000087b00000|  0%| F|  |TAMS 0x0000000087a00000| PB 0x0000000087a00000| Untracked 
|  49|0x0000000087b00000, 0x0000000087b00000, 0x0000000087c00000|  0%| F|  |TAMS 0x0000000087b00000| PB 0x0000000087b00000| Untracked 
|  50|0x0000000087c00000, 0x0000000087c00000, 0x0000000087d00000|  0%| F|  |TAMS 0x0000000087c00000| PB 0x0000000087c00000| Untracked 
|  51|0x0000000087d00000, 0x0000000087d00000, 0x0000000087e00000|  0%| F|  |TAMS 0x0000000087d00000| PB 0x0000000087d00000| Untracked 
|  52|0x0000000087e00000, 0x0000000087e00000, 0x0000000087f00000|  0%| F|  |TAMS 0x0000000087e00000| PB 0x0000000087e00000| Untracked 
|  53|0x0000000087f00000, 0x0000000087f00000, 0x0000000088000000|  0%| F|  |TAMS 0x0000000087f00000| PB 0x0000000087f00000| Untracked 
|  54|0x0000000088000000, 0x0000000088000000, 0x0000000088100000|  0%| F|  |TAMS 0x0000000088000000| PB 0x0000000088000000| Untracked 
|  55|0x0000000088100000, 0x0000000088100000, 0x0000000088200000|  0%| F|  |TAMS 0x0000000088100000| PB 0x0000000088100000| Untracked 
|  56|0x0000000088200000, 0x0000000088200000, 0x0000000088300000|  0%| F|  |TAMS 0x0000000088200000| PB 0x0000000088200000| Untracked 
|  96|0x000000008aa00000, 0x000000008aa00000, 0x000000008ab00000|  0%| F|  |TAMS 0x000000008aa00000| PB 0x000000008aa00000| Untracked 
|  97|0x000000008ab00000, 0x000000008ab00000, 0x000000008ac00000|  0%| F|  |TAMS 0x000000008ab00000| PB 0x000000008ab00000| Untracked 
| 123|0x000000008c500000, 0x000000008c500000, 0x000000008c600000|  0%| F|  |TAMS 0x000000008c500000| PB 0x000000008c500000| Untracked 

Card table byte_map: [0x00000241446d0000,0x0000024144ab0000] _byte_map_base: 0x00000241442ab000

Marking Bits: (CMBitMap*) 0x00000241403e4480
 Bits: [0x0000024144ab0000, 0x0000024146988000)

Polling page: 0x0000024135be0000

Metaspace:

Usage:
  Non-class:     59.96 MB used.
      Class:      9.77 MB used.
       Both:     69.73 MB used.

Virtual space:
  Non-class space:       64.00 MB reserved,      60.31 MB ( 94%) committed,  1 nodes.
      Class space:        1.00 GB reserved,      10.06 MB ( <1%) committed,  1 nodes.
             Both:        1.06 GB reserved,      70.38 MB (  6%) committed. 

Chunk freelists:
   Non-Class:  3.69 MB
       Class:  5.78 MB
        Both:  9.47 MB

MaxMetaspaceSize: unlimited
CompressedClassSpaceSize: 1.00 GB
Initial GC threshold: 21.00 MB
Current GC threshold: 103.88 MB
CDS: on
 - commit_granule_bytes: 65536.
 - commit_granule_words: 8192.
 - virtual_space_node_default_size: 8388608.
 - enlarge_chunks_in_place: 1.
 - use_allocation_guard: 0.


Internal statistics:

num_allocs_failed_limit: 6.
num_arena_births: 962.
num_arena_deaths: 14.
num_vsnodes_births: 2.
num_vsnodes_deaths: 0.
num_space_committed: 1126.
num_space_uncommitted: 0.
num_chunks_returned_to_freelist: 20.
num_chunks_taken_from_freelist: 3303.
num_chunk_merges: 10.
num_chunk_splits: 2445.
num_chunks_enlarged: 1959.
num_inconsistent_stats: 0.

CodeCache: size=49152Kb used=16705Kb max_used=16705Kb free=32446Kb
 bounds [0x0000024140510000, 0x0000024141570000, 0x0000024143510000]
 total_blobs=7758 nmethods=7036 adapters=642
 compilation: enabled
              stopped_count=0, restarted_count=0
 full_count=0

Compilation events (20 events):
Event: 51.384 Thread 0x000002418f672740 7748       1       org.antlr.v4.runtime.atn.LexerATNSimulator::consume (49 bytes)
Event: 51.384 Thread 0x000002414996ecd0 7749       1       org.antlr.v4.runtime.CodePointCharStream::consume (56 bytes)
Event: 51.384 Thread 0x000002418f672740 nmethod 7748 0x000002414155a690 code [0x000002414155a840, 0x000002414155aa18]
Event: 51.384 Thread 0x000002414996ecd0 nmethod 7749 0x000002414155ac90 code [0x000002414155ae40, 0x000002414155afc0]
Event: 51.386 Thread 0x000002414996ecd0 7750       1       org.antlr.v4.runtime.atn.LexerATNSimulator::captureSimState (32 bytes)
Event: 51.386 Thread 0x000002414996ecd0 nmethod 7750 0x000002414155b190 code [0x000002414155b340, 0x000002414155b4b0]
Event: 51.388 Thread 0x000002418f672740 7751       1       org.antlr.v4.runtime.atn.ATNConfigSet::isEmpty (8 bytes)
Event: 51.388 Thread 0x000002418f672740 nmethod 7751 0x000002414155b690 code [0x000002414155b820, 0x000002414155b908]
Event: 51.388 Thread 0x000002418f672740 7752       1       org.antlr.v4.runtime.CodePointCharStream::seek (6 bytes)
Event: 51.388 Thread 0x000002418f672740 nmethod 7752 0x000002414155ba10 code [0x000002414155bba0, 0x000002414155bc68]
Event: 51.389 Thread 0x000002418f672740 7753       1       org.antlr.v4.runtime.atn.ParserATNSimulator::getUniqueAlt (53 bytes)
Event: 51.390 Thread 0x000002418f672740 nmethod 7753 0x000002414155bd10 code [0x000002414155bee0, 0x000002414155c188]
Event: 51.391 Thread 0x000002418f672740 7754       1       org.antlr.v4.runtime.atn.EmptyPredictionContext::size (2 bytes)
Event: 51.391 Thread 0x000002418f672740 nmethod 7754 0x000002414155c610 code [0x000002414155c7a0, 0x000002414155c868]
Event: 51.391 Thread 0x000002418fca3990 7755       1       org.antlr.v4.runtime.atn.ATNConfigSet::optimizeConfigs (71 bytes)
Event: 51.392 Thread 0x000002418fca3990 nmethod 7755 0x000002414155c910 code [0x000002414155cb00, 0x000002414155cf00]
Event: 51.393 Thread 0x000002418f672740 7756       1       org.antlr.v4.runtime.dfa.DFAState::<init> (31 bytes)
Event: 51.393 Thread 0x000002418f672740 nmethod 7756 0x000002414155d490 code [0x000002414155d640, 0x000002414155d858]
Event: 51.394 Thread 0x000002418fca3990 7757       1       org.antlr.v4.runtime.atn.ParserATNSimulator::computeReachSet (455 bytes)
Event: 51.396 Thread 0x000002418fca3990 nmethod 7757 0x000002414155da10 code [0x000002414155dd40, 0x000002414155ee00]

GC Heap History (20 events):
Event: 37.381 GC heap after
{Heap after GC invocations=15 (full 0):
 garbage-first heap   total 51200K, used 24163K [0x0000000084a00000, 0x0000000100000000)
  region size 1024K, 2 young (2048K), 2 survivors (2048K)
 Metaspace       used 41156K, committed 41728K, reserved 1114112K
  class space    used 5340K, committed 5632K, reserved 1048576K
}
Event: 41.092 GC heap before
{Heap before GC invocations=16 (full 0):
 garbage-first heap   total 51200K, used 43619K [0x0000000084a00000, 0x0000000100000000)
  region size 1024K, 22 young (22528K), 2 survivors (2048K)
 Metaspace       used 45903K, committed 46464K, reserved 1114112K
  class space    used 6037K, committed 6272K, reserved 1048576K
}
Event: 41.105 GC heap after
{Heap after GC invocations=17 (full 0):
 garbage-first heap   total 61440K, used 25598K [0x0000000084a00000, 0x0000000100000000)
  region size 1024K, 3 young (3072K), 3 survivors (3072K)
 Metaspace       used 45903K, committed 46464K, reserved 1114112K
  class space    used 6037K, committed 6272K, reserved 1048576K
}
Event: 43.660 GC heap before
{Heap before GC invocations=17 (full 0):
 garbage-first heap   total 61440K, used 53246K [0x0000000084a00000, 0x0000000100000000)
  region size 1024K, 31 young (31744K), 3 survivors (3072K)
 Metaspace       used 51429K, committed 52032K, reserved 1114112K
  class space    used 6776K, committed 7040K, reserved 1048576K
}
Event: 43.760 GC heap after
{Heap after GC invocations=18 (full 0):
 garbage-first heap   total 61440K, used 27797K [0x0000000084a00000, 0x0000000100000000)
  region size 1024K, 4 young (4096K), 4 survivors (4096K)
 Metaspace       used 51429K, committed 52032K, reserved 1114112K
  class space    used 6776K, committed 7040K, reserved 1048576K
}
Event: 44.909 GC heap before
{Heap before GC invocations=18 (full 0):
 garbage-first heap   total 61440K, used 53397K [0x0000000084a00000, 0x0000000100000000)
  region size 1024K, 29 young (29696K), 4 survivors (4096K)
 Metaspace       used 55439K, committed 56000K, reserved 1114112K
  class space    used 7297K, committed 7552K, reserved 1048576K
}
Event: 44.919 GC heap after
{Heap after GC invocations=19 (full 0):
 garbage-first heap   total 61440K, used 29354K [0x0000000084a00000, 0x0000000100000000)
  region size 1024K, 2 young (2048K), 2 survivors (2048K)
 Metaspace       used 55439K, committed 56000K, reserved 1114112K
  class space    used 7297K, committed 7552K, reserved 1048576K
}
Event: 46.212 GC heap before
{Heap before GC invocations=19 (full 0):
 garbage-first heap   total 61440K, used 54954K [0x0000000084a00000, 0x0000000100000000)
  region size 1024K, 27 young (27648K), 2 survivors (2048K)
 Metaspace       used 60849K, committed 61504K, reserved 1114112K
  class space    used 8222K, committed 8512K, reserved 1048576K
}
Event: 46.241 GC heap after
{Heap after GC invocations=20 (full 0):
 garbage-first heap   total 61440K, used 30495K [0x0000000084a00000, 0x0000000100000000)
  region size 1024K, 3 young (3072K), 3 survivors (3072K)
 Metaspace       used 60849K, committed 61504K, reserved 1114112K
  class space    used 8222K, committed 8512K, reserved 1048576K
}
Event: 47.490 GC heap before
{Heap before GC invocations=21 (full 0):
 garbage-first heap   total 61440K, used 55071K [0x0000000084a00000, 0x0000000100000000)
  region size 1024K, 27 young (27648K), 3 survivors (3072K)
 Metaspace       used 61749K, committed 62400K, reserved 1114112K
  class space    used 8422K, committed 8704K, reserved 1048576K
}
Event: 47.497 GC heap after
{Heap after GC invocations=22 (full 0):
 garbage-first heap   total 61440K, used 30791K [0x0000000084a00000, 0x0000000100000000)
  region size 1024K, 2 young (2048K), 2 survivors (2048K)
 Metaspace       used 61749K, committed 62400K, reserved 1114112K
  class space    used 8422K, committed 8704K, reserved 1048576K
}
Event: 47.567 GC heap before
{Heap before GC invocations=22 (full 0):
 garbage-first heap   total 61440K, used 55367K [0x0000000084a00000, 0x0000000100000000)
  region size 1024K, 26 young (26624K), 2 survivors (2048K)
 Metaspace       used 61813K, committed 62464K, reserved 1114112K
  class space    used 8435K, committed 8704K, reserved 1048576K
}
Event: 47.601 GC heap after
{Heap after GC invocations=23 (full 0):
 garbage-first heap   total 61440K, used 31539K [0x0000000084a00000, 0x0000000100000000)
  region size 1024K, 3 young (3072K), 3 survivors (3072K)
 Metaspace       used 61813K, committed 62464K, reserved 1114112K
  class space    used 8435K, committed 8704K, reserved 1048576K
}
Event: 47.969 GC heap before
{Heap before GC invocations=23 (full 0):
 garbage-first heap   total 61440K, used 53043K [0x0000000084a00000, 0x0000000100000000)
  region size 1024K, 25 young (25600K), 3 survivors (3072K)
 Metaspace       used 63125K, committed 63744K, reserved 1114112K
  class space    used 8625K, committed 8896K, reserved 1048576K
}
Event: 47.975 GC heap after
{Heap after GC invocations=24 (full 0):
 garbage-first heap   total 61440K, used 31529K [0x0000000084a00000, 0x0000000100000000)
  region size 1024K, 2 young (2048K), 2 survivors (2048K)
 Metaspace       used 63125K, committed 63744K, reserved 1114112K
  class space    used 8625K, committed 8896K, reserved 1048576K
}
Event: 50.166 GC heap before
{Heap before GC invocations=25 (full 0):
 garbage-first heap   total 61440K, used 55081K [0x0000000084a00000, 0x0000000100000000)
  region size 1024K, 25 young (25600K), 2 survivors (2048K)
 Metaspace       used 67095K, committed 67776K, reserved 1114112K
  class space    used 9147K, committed 9472K, reserved 1048576K
}
Event: 50.175 GC heap after
{Heap after GC invocations=26 (full 0):
 garbage-first heap   total 61440K, used 33112K [0x0000000084a00000, 0x0000000100000000)
  region size 1024K, 3 young (3072K), 3 survivors (3072K)
 Metaspace       used 67095K, committed 67776K, reserved 1114112K
  class space    used 9147K, committed 9472K, reserved 1048576K
}
Event: 51.118 GC heap before
{Heap before GC invocations=26 (full 0):
 garbage-first heap   total 61440K, used 54616K [0x0000000084a00000, 0x0000000100000000)
  region size 1024K, 24 young (24576K), 3 survivors (3072K)
 Metaspace       used 69735K, committed 70400K, reserved 1114112K
  class space    used 9654K, committed 9920K, reserved 1048576K
}
Event: 51.131 GC heap after
{Heap after GC invocations=27 (full 0):
 garbage-first heap   total 61440K, used 34058K [0x0000000084a00000, 0x0000000100000000)
  region size 1024K, 2 young (2048K), 2 survivors (2048K)
 Metaspace       used 69735K, committed 70400K, reserved 1114112K
  class space    used 9654K, committed 9920K, reserved 1048576K
}
Event: 51.399 GC heap before
{Heap before GC invocations=27 (full 0):
 garbage-first heap   total 61440K, used 54538K [0x0000000084a00000, 0x0000000100000000)
  region size 1024K, 23 young (23552K), 2 survivors (2048K)
 Metaspace       used 71401K, committed 72064K, reserved 1114112K
  class space    used 10000K, committed 10304K, reserved 1048576K
}

Dll operation events (12 events):
Event: 6.782 Loaded shared library C:\Program Files\Java\jdk-21\bin\java.dll
Event: 6.788 Loaded shared library C:\Program Files\Java\jdk-21\bin\zip.dll
Event: 8.673 Loaded shared library C:\Program Files\Java\jdk-21\bin\instrument.dll
Event: 8.800 Loaded shared library C:\Program Files\Java\jdk-21\bin\jimage.dll
Event: 8.844 Loaded shared library C:\Program Files\Java\jdk-21\bin\net.dll
Event: 8.849 Loaded shared library C:\Program Files\Java\jdk-21\bin\nio.dll
Event: 8.893 Loaded shared library C:\Program Files\Java\jdk-21\bin\zip.dll
Event: 24.368 Loaded shared library C:\Program Files\Java\jdk-21\bin\management.dll
Event: 24.399 Loaded shared library C:\Program Files\Java\jdk-21\bin\management_ext.dll
Event: 25.065 Loaded shared library C:\Program Files\Java\jdk-21\bin\extnet.dll
Event: 35.815 Loaded shared library C:\Program Files\Java\jdk-21\bin\sunmscapi.dll
Event: 39.367 Loaded shared library C:\Program Files\Java\jdk-21\bin\verify.dll

Deoptimization events (20 events):
Event: 51.193 Thread 0x0000024137d59450 DEOPT PACKING pc=0x000002414096479c sp=0x0000004ccd7fa550
Event: 51.193 Thread 0x0000024137d59450 DEOPT UNPACKING pc=0x0000024140564e42 sp=0x0000004ccd7f9a60 mode 1
Event: 51.194 Thread 0x0000024137d59450 DEOPT PACKING pc=0x00000241412ba274 sp=0x0000004ccd7fa700
Event: 51.194 Thread 0x0000024137d59450 DEOPT UNPACKING pc=0x0000024140564e42 sp=0x0000004ccd7f9bf0 mode 1
Event: 51.200 Thread 0x0000024137d59450 DEOPT PACKING pc=0x0000024140b19ad9 sp=0x0000004ccd7f8560
Event: 51.200 Thread 0x0000024137d59450 DEOPT UNPACKING pc=0x0000024140564e42 sp=0x0000004ccd7f79b8 mode 1
Event: 51.200 Thread 0x0000024137d59450 DEOPT PACKING pc=0x0000024140b15dac sp=0x0000004ccd7f85f0
Event: 51.200 Thread 0x0000024137d59450 DEOPT UNPACKING pc=0x0000024140564e42 sp=0x0000004ccd7f7a98 mode 1
Event: 51.200 Thread 0x0000024137d59450 DEOPT PACKING pc=0x0000024140af2e14 sp=0x0000004ccd7f9040
Event: 51.200 Thread 0x0000024137d59450 DEOPT UNPACKING pc=0x0000024140564e42 sp=0x0000004ccd7f8508 mode 1
Event: 51.200 Thread 0x0000024137d59450 DEOPT PACKING pc=0x0000024140af2a8c sp=0x0000004ccd7f90d0
Event: 51.200 Thread 0x0000024137d59450 DEOPT UNPACKING pc=0x0000024140564e42 sp=0x0000004ccd7f85a8 mode 1
Event: 51.200 Thread 0x0000024137d59450 DEOPT PACKING pc=0x0000024140b19ad9 sp=0x0000004ccd7f8560
Event: 51.200 Thread 0x0000024137d59450 DEOPT UNPACKING pc=0x0000024140564e42 sp=0x0000004ccd7f79b8 mode 1
Event: 51.200 Thread 0x0000024137d59450 DEOPT PACKING pc=0x0000024140b15dac sp=0x0000004ccd7f85f0
Event: 51.200 Thread 0x0000024137d59450 DEOPT UNPACKING pc=0x0000024140564e42 sp=0x0000004ccd7f7a98 mode 1
Event: 51.200 Thread 0x0000024137d59450 DEOPT PACKING pc=0x0000024140af2e14 sp=0x0000004ccd7f9040
Event: 51.200 Thread 0x0000024137d59450 DEOPT UNPACKING pc=0x0000024140564e42 sp=0x0000004ccd7f8508 mode 1
Event: 51.200 Thread 0x0000024137d59450 DEOPT PACKING pc=0x0000024140af2a8c sp=0x0000004ccd7f90d0
Event: 51.200 Thread 0x0000024137d59450 DEOPT UNPACKING pc=0x0000024140564e42 sp=0x0000004ccd7f85a8 mode 1

Classes loaded (20 events):
Event: 51.338 Loading class org/hibernate/grammars/hql/HqlParser$OffsetDateTimeLiteralContext
Event: 51.338 Loading class org/hibernate/grammars/hql/HqlParser$OffsetDateTimeLiteralContext done
Event: 51.338 Loading class org/hibernate/grammars/hql/HqlParser$OffsetDateTimeWithMinutesContext
Event: 51.338 Loading class org/hibernate/grammars/hql/HqlParser$OffsetDateTimeWithMinutesContext done
Event: 51.338 Loading class org/hibernate/grammars/hql/HqlParser$CurrentDateFunctionContext
Event: 51.338 Loading class org/hibernate/grammars/hql/HqlParser$CurrentDateFunctionContext done
Event: 51.338 Loading class org/hibernate/grammars/hql/HqlParser$GenericFunctionArgumentsContext
Event: 51.338 Loading class org/hibernate/grammars/hql/HqlParser$GenericFunctionArgumentsContext done
Event: 51.338 Loading class org/hibernate/grammars/hql/HqlParser$JdbcTimestampLiteralContext
Event: 51.338 Loading class org/hibernate/grammars/hql/HqlParser$JdbcTimestampLiteralContext done
Event: 51.339 Loading class org/hibernate/grammars/hql/HqlParser$JpaNonstandardFunctionNameContext
Event: 51.339 Loading class org/hibernate/grammars/hql/HqlParser$JpaNonstandardFunctionNameContext done
Event: 51.339 Loading class org/hibernate/grammars/hql/HqlParser$GenericFunctionNameContext
Event: 51.339 Loading class org/hibernate/grammars/hql/HqlParser$GenericFunctionNameContext done
Event: 51.339 Loading class org/hibernate/grammars/hql/HqlParser$LocalDateTimeFunctionContext
Event: 51.339 Loading class org/hibernate/grammars/hql/HqlParser$LocalDateTimeFunctionContext done
Event: 51.339 Loading class org/hibernate/grammars/hql/HqlParser$CurrentTimeFunctionContext
Event: 51.339 Loading class org/hibernate/grammars/hql/HqlParser$CurrentTimeFunctionContext done
Event: 51.375 Loading class org/antlr/v4/runtime/BailErrorStrategy
Event: 51.375 Loading class org/antlr/v4/runtime/BailErrorStrategy done

Classes unloaded (7 events):
Event: 37.398 Thread 0x0000024149912650 Unloading class 0x000002414b088800 'java/lang/invoke/LambdaForm$DMH+0x000002414b088800'
Event: 37.399 Thread 0x0000024149912650 Unloading class 0x000002414b088000 'java/lang/invoke/LambdaForm$DMH+0x000002414b088000'
Event: 37.399 Thread 0x0000024149912650 Unloading class 0x000002414b087400 'java/lang/invoke/LambdaForm$DMH+0x000002414b087400'
Event: 37.399 Thread 0x0000024149912650 Unloading class 0x000002414b087000 'java/lang/invoke/LambdaForm$DMH+0x000002414b087000'
Event: 37.399 Thread 0x0000024149912650 Unloading class 0x000002414b002000 'java/lang/invoke/LambdaForm$MH+0x000002414b002000'
Event: 37.399 Thread 0x0000024149912650 Unloading class 0x000002414b001c00 'java/lang/invoke/LambdaForm$MH+0x000002414b001c00'
Event: 37.399 Thread 0x0000024149912650 Unloading class 0x000002414b001800 'java/lang/invoke/LambdaForm$MH+0x000002414b001800'

Classes redefined (1 events):
Event: 8.735 Thread 0x0000024149912650 redefined class name=java.lang.Throwable, count=1

Internal exceptions (20 events):
Event: 47.810 Thread 0x0000024137d59450 Exception <a 'java/lang/NoSuchMethodError'{0x0000000087376e78}: 'int java.lang.invoke.DirectMethodHandle$Holder.invokeStatic(java.lang.Object, java.lang.Object, java.lang.Object, java.lang.Object, java.lang.Object)'> (0x0000000087376e78) 
thrown [s\open\src\hotspot\share\interpreter\linkResolver.cpp, line 773]
Event: 47.812 Thread 0x0000024137d59450 Exception <a 'java/lang/NoSuchMethodError'{0x00000000873968c0}: 'int java.lang.invoke.Invokers$Holder.invokeExact_MT(java.lang.Object, java.lang.Object, java.lang.Object)'> (0x00000000873968c0) 
thrown [s\open\src\hotspot\share\interpreter\linkResolver.cpp, line 773]
Event: 47.906 Thread 0x0000024137d59450 Exception <a 'java/lang/NoSuchMethodError'{0x000000008700d718}: 'void java.lang.invoke.DirectMethodHandle$Holder.invokeInterface(java.lang.Object, java.lang.Object, int, java.lang.Object)'> (0x000000008700d718) 
thrown [s\open\src\hotspot\share\interpreter\linkResolver.cpp, line 773]
Event: 47.917 Thread 0x0000024137d59450 Exception <a 'java/lang/NoSuchMethodError'{0x0000000087034770}: 'java.lang.Object java.lang.invoke.DirectMethodHandle$Holder.newInvokeSpecial(java.lang.Object, java.lang.Object, int, java.lang.Object)'> (0x0000000087034770) 
thrown [s\open\src\hotspot\share\interpreter\linkResolver.cpp, line 773]
Event: 47.917 Thread 0x0000024137d59450 Exception <a 'java/lang/NoSuchMethodError'{0x0000000087038940}: 'java.lang.Object java.lang.invoke.Invokers$Holder.linkToTargetMethod(java.lang.Object, int, java.lang.Object, java.lang.Object)'> (0x0000000087038940) 
thrown [s\open\src\hotspot\share\interpreter\linkResolver.cpp, line 773]
Event: 48.133 Thread 0x0000024137d59450 Exception <a 'java/lang/NoSuchMethodError'{0x000000008ab6bd38}: 'int java.lang.invoke.DirectMethodHandle$Holder.invokeStatic(java.lang.Object, int, java.lang.Object)'> (0x000000008ab6bd38) 
thrown [s\open\src\hotspot\share\interpreter\linkResolver.cpp, line 773]
Event: 48.141 Thread 0x0000024137d59450 Exception <a 'java/lang/NoSuchMethodError'{0x000000008ab8c890}: 'java.lang.Object java.lang.invoke.DirectMethodHandle$Holder.newInvokeSpecial(java.lang.Object, java.lang.Object, java.lang.Object, java.lang.Object, java.lang.Object, int, java.lang.Object)'> (0x000000008ab8c890) 
thrown [s\open\src\hotspot\share\interpreter\linkResolver.cpp, line 773]
Event: 48.256 Thread 0x0000024137d59450 Exception <a 'java/lang/NoSuchMethodError'{0x00000000882aea28}: 'java.lang.Object java.lang.invoke.DirectMethodHandle$Holder.newInvokeSpecial(java.lang.Object, java.lang.Object, int, java.lang.Object, int, java.lang.Object, java.lang.Object)'> (0x00000000882aea28) 
thrown [s\open\src\hotspot\share\interpreter\linkResolver.cpp, line 773]
Event: 48.273 Thread 0x0000024137d59450 Exception <a 'java/lang/NoSuchMethodError'{0x00000000882f2dd8}: 'java.lang.Object java.lang.invoke.DirectMethodHandle$Holder.newInvokeSpecial(java.lang.Object, java.lang.Object, java.lang.Object, java.lang.Object, java.lang.Object, java.lang.Object, java.lang.Object, int)'> (0x00000000882f2dd8) 
thrown [s\open\src\hotspot\share\interpreter\linkResolver.cpp, line 773]
Event: 48.274 Thread 0x0000024137d59450 Exception <a 'java/lang/NoSuchMethodError'{0x00000000882f7ba8}: 'java.lang.Object java.lang.invoke.DirectMethodHandle$Holder.invokeSpecial(java.lang.Object, java.lang.Object, java.lang.Object, java.lang.Object, java.lang.Object, java.lang.Object, java.lang.Object, java.lang.Object, int)'> (0x00000000882f7ba8) 
thrown [s\open\src\hotspot\share\interpreter\linkResolver.cpp, line 773]
Event: 48.274 Thread 0x0000024137d59450 Exception <a 'java/lang/NoSuchMethodError'{0x00000000882fc430}: 'java.lang.Object java.lang.invoke.Invokers$Holder.linkToTargetMethod(java.lang.Object, java.lang.Object, java.lang.Object, java.lang.Object, java.lang.Object, java.lang.Object, int, java.lang.Object)'> (0x00000000882fc430) 
thrown [s\open\src\hotspot\share\interpreter\linkResolver.cpp, line 773]
Event: 48.341 Thread 0x0000024137d59450 Exception <a 'java/lang/IncompatibleClassChangeError'{0x00000000881f67f0}: Found class java.lang.Object, but interface was expected> (0x00000000881f67f0) 
thrown [s\open\src\hotspot\share\interpreter\linkResolver.cpp, line 840]
Event: 48.388 Thread 0x0000024137d59450 Exception <a 'java/lang/NoSuchMethodError'{0x0000000087f31838}: 'void java.lang.invoke.DirectMethodHandle$Holder.invokeInterface(java.lang.Object, java.lang.Object)'> (0x0000000087f31838) 
thrown [s\open\src\hotspot\share\interpreter\linkResolver.cpp, line 773]
Event: 48.594 Thread 0x0000024137d59450 Exception <a 'java/lang/ClassNotFoundException'{0x0000000087d90460}: java/util/Map_> (0x0000000087d90460) 
thrown [s\open\src\hotspot\share\classfile\systemDictionary.cpp, line 312]
Event: 48.598 Thread 0x0000024137d59450 Exception <a 'java/lang/ClassNotFoundException'{0x0000000087da1140}: java/util/Map_> (0x0000000087da1140) 
thrown [s\open\src\hotspot\share\classfile\systemDictionary.cpp, line 312]
Event: 49.331 Thread 0x0000024137d59450 Exception <a 'java/lang/NoSuchMethodError'{0x00000000879403a8}: 'java.lang.Object java.lang.invoke.DirectMethodHandle$Holder.invokeSpecial(java.lang.Object, java.lang.Object, int, java.lang.Object, int)'> (0x00000000879403a8) 
thrown [s\open\src\hotspot\share\interpreter\linkResolver.cpp, line 773]
Event: 49.595 Thread 0x0000024137d59450 Exception <a 'java/lang/IncompatibleClassChangeError'{0x0000000087451d38}: Found class java.lang.Object, but interface was expected> (0x0000000087451d38) 
thrown [s\open\src\hotspot\share\interpreter\linkResolver.cpp, line 840]
Event: 49.612 Thread 0x0000024137d59450 Exception <a 'java/lang/IncompatibleClassChangeError'{0x00000000874ef7c0}: Found class java.lang.Object, but interface was expected> (0x00000000874ef7c0) 
thrown [s\open\src\hotspot\share\interpreter\linkResolver.cpp, line 840]
Event: 50.040 Thread 0x0000024137d59450 Exception <a 'java/lang/IncompatibleClassChangeError'{0x00000000872cc788}: Found class java.lang.Object, but interface was expected> (0x00000000872cc788) 
thrown [s\open\src\hotspot\share\interpreter\linkResolver.cpp, line 840]
Event: 50.330 Thread 0x0000024137d59450 Exception <a 'java/lang/IncompatibleClassChangeError'{0x000000008810e278}: Found class java.lang.Object, but interface was expected> (0x000000008810e278) 
thrown [s\open\src\hotspot\share\interpreter\linkResolver.cpp, line 840]

ZGC Phase Switch (0 events):
No events

VM Operations (20 events):
Event: 49.044 Executing VM operation: HandshakeAllThreads (Deoptimize) done
Event: 49.044 Executing VM operation: Cleanup
Event: 49.044 Executing VM operation: Cleanup done
Event: 50.057 Executing VM operation: Cleanup
Event: 50.057 Executing VM operation: Cleanup done
Event: 50.166 Executing VM operation: G1CollectForAllocation (G1 Evacuation Pause)
Event: 50.175 Executing VM operation: G1CollectForAllocation (G1 Evacuation Pause) done
Event: 50.248 Executing VM operation: HandshakeAllThreads (Deoptimize)
Event: 50.248 Executing VM operation: HandshakeAllThreads (Deoptimize) done
Event: 50.387 Executing VM operation: HandshakeAllThreads (Deoptimize)
Event: 50.387 Executing VM operation: HandshakeAllThreads (Deoptimize) done
Event: 50.388 Executing VM operation: HandshakeAllThreads (Deoptimize)
Event: 50.388 Executing VM operation: HandshakeAllThreads (Deoptimize) done
Event: 50.939 Executing VM operation: HandshakeAllThreads (Deoptimize)
Event: 50.939 Executing VM operation: HandshakeAllThreads (Deoptimize) done
Event: 51.118 Executing VM operation: G1CollectForAllocation (G1 Evacuation Pause)
Event: 51.131 Executing VM operation: G1CollectForAllocation (G1 Evacuation Pause) done
Event: 51.138 Executing VM operation: HandshakeAllThreads (Deoptimize)
Event: 51.138 Executing VM operation: HandshakeAllThreads (Deoptimize) done
Event: 51.399 Executing VM operation: G1CollectForAllocation (G1 Evacuation Pause)

Events (20 events):
Event: 48.016 Thread 0x0000024149912650 flushing nmethod 0x000002414066e310
Event: 48.016 Thread 0x0000024149912650 flushing nmethod 0x000002414066e010
Event: 48.016 Thread 0x0000024149912650 flushing nmethod 0x000002414066a910
Event: 48.016 Thread 0x0000024149912650 flushing nmethod 0x0000024140669b10
Event: 48.016 Thread 0x0000024149912650 flushing nmethod 0x000002414065fd10
Event: 48.016 Thread 0x0000024149912650 flushing nmethod 0x000002414065fa10
Event: 48.016 Thread 0x0000024149912650 flushing nmethod 0x000002414065f710
Event: 48.016 Thread 0x0000024149912650 flushing nmethod 0x0000024140661790
Event: 48.016 Thread 0x0000024149912650 flushing nmethod 0x0000024140660910
Event: 48.016 Thread 0x0000024149912650 flushing nmethod 0x000002414065b090
Event: 48.016 Thread 0x0000024149912650 flushing nmethod 0x000002414065ad90
Event: 48.016 Thread 0x0000024149912650 flushing nmethod 0x0000024140635b90
Event: 48.016 Thread 0x0000024149912650 flushing nmethod 0x0000024140640710
Event: 48.016 Thread 0x0000024149912650 flushing nmethod 0x0000024140633e10
Event: 48.016 Thread 0x0000024149912650 flushing nmethod 0x000002414063e010
Event: 48.016 Thread 0x0000024149912650 flushing nmethod 0x000002414063a290
Event: 48.016 Thread 0x0000024149912650 flushing nmethod 0x0000024140632190
Event: 48.016 Thread 0x0000024149912650 flushing nmethod 0x000002414062e910
Event: 48.016 Thread 0x0000024149912650 flushing nmethod 0x000002414062dd10
Event: 48.016 Thread 0x0000024149912650 flushing nmethod 0x000002414062d910


Dynamic libraries:
0x00007ff68c430000 - 0x00007ff68c440000 	C:\Program Files\Java\jdk-21\bin\java.exe
0x00007ffc938c0000 - 0x00007ffc93b27000 	C:\WINDOWS\SYSTEM32\ntdll.dll
0x00007ffc4fec0000 - 0x00007ffc4fee0000 	C:\Program Files\Avast Software\Avast\aswhook.dll
0x00007ffc92fe0000 - 0x00007ffc930a9000 	C:\WINDOWS\System32\KERNEL32.DLL
0x00007ffc90d70000 - 0x00007ffc91161000 	C:\WINDOWS\System32\KERNELBASE.dll
0x00007ffc913c0000 - 0x00007ffc9150b000 	C:\WINDOWS\System32\ucrtbase.dll
0x00007ffc6bb10000 - 0x00007ffc6bb29000 	C:\Program Files\Java\jdk-21\bin\jli.dll
0x00007ffc6bf20000 - 0x00007ffc6bf3b000 	C:\Program Files\Java\jdk-21\bin\VCRUNTIME140.dll
0x00007ffc93580000 - 0x00007ffc9363b000 	C:\WINDOWS\System32\ADVAPI32.dll
0x00007ffc92680000 - 0x00007ffc92729000 	C:\WINDOWS\System32\msvcrt.dll
0x00007ffc92e10000 - 0x00007ffc92eb7000 	C:\WINDOWS\System32\sechost.dll
0x00007ffc92ec0000 - 0x00007ffc92fd8000 	C:\WINDOWS\System32\RPCRT4.dll
0x00007ffc92360000 - 0x00007ffc92525000 	C:\WINDOWS\System32\USER32.dll
0x00007ffc91170000 - 0x00007ffc91197000 	C:\WINDOWS\System32\win32u.dll
0x00007ffc6b710000 - 0x00007ffc6b9a3000 	C:\WINDOWS\WinSxS\amd64_microsoft.windows.common-controls_6595b64144ccf1df_6.0.26100.8037_none_3e092faae333b53b\COMCTL32.dll
0x00007ffc91b20000 - 0x00007ffc91b4b000 	C:\WINDOWS\System32\GDI32.dll
0x00007ffc901a0000 - 0x00007ffc902cb000 	C:\WINDOWS\System32\gdi32full.dll
0x00007ffc91310000 - 0x00007ffc913b3000 	C:\WINDOWS\System32\msvcp_win.dll
0x00007ffc7cb20000 - 0x00007ffc7cb2b000 	C:\WINDOWS\SYSTEM32\VERSION.dll
0x00007ffc930b0000 - 0x00007ffc930e1000 	C:\WINDOWS\System32\IMM32.DLL
0x00007ffc88b80000 - 0x00007ffc88b8c000 	C:\Program Files\Java\jdk-21\bin\vcruntime140_1.dll
0x00007ffc0bc60000 - 0x00007ffc0bcee000 	C:\Program Files\Java\jdk-21\bin\msvcp140.dll
0x00007ffbb60f0000 - 0x00007ffbb6e07000 	C:\Program Files\Java\jdk-21\bin\server\jvm.dll
0x00007ffc93640000 - 0x00007ffc936b4000 	C:\WINDOWS\System32\WS2_32.dll
0x00007ffc8fa00000 - 0x00007ffc8fa5e000 	C:\WINDOWS\SYSTEM32\POWRPROF.dll
0x00007ffc83bd0000 - 0x00007ffc83c05000 	C:\WINDOWS\SYSTEM32\WINMM.dll
0x00007ffc8f9e0000 - 0x00007ffc8f9f4000 	C:\WINDOWS\SYSTEM32\UMPDC.dll
0x00007ffc8eef0000 - 0x00007ffc8ef0b000 	C:\WINDOWS\SYSTEM32\kernel.appcore.dll
0x00007ffc86cd0000 - 0x00007ffc86cda000 	C:\Program Files\Java\jdk-21\bin\jimage.dll
0x00007ffc8dba0000 - 0x00007ffc8dde2000 	C:\WINDOWS\SYSTEM32\DBGHELP.DLL
0x00007ffc928d0000 - 0x00007ffc92c52000 	C:\WINDOWS\System32\combase.dll
0x00007ffc92c60000 - 0x00007ffc92d37000 	C:\WINDOWS\System32\OLEAUT32.dll
0x00007ffc7bed0000 - 0x00007ffc7bf0b000 	C:\WINDOWS\SYSTEM32\dbgcore.DLL
0x00007ffc90b40000 - 0x00007ffc90be5000 	C:\WINDOWS\System32\bcryptPrimitives.dll
0x00007ffc38140000 - 0x00007ffc3817c000 	C:\Program Files\Java\jdk-21\bin\jdwp.dll
0x00007ffbc2f00000 - 0x00007ffbc310e000 	C:\Users\LAGHAA~1\AppData\Local\Temp\idea_libasyncProfiler_dll_temp_folder9350\libasyncProfiler.dll
0x00007ffc85970000 - 0x00007ffc8597f000 	C:\Program Files\Java\jdk-21\bin\instrument.dll
0x00007ffc69b80000 - 0x00007ffc69b9f000 	C:\Program Files\Java\jdk-21\bin\java.dll
0x00007ffc65880000 - 0x00007ffc65898000 	C:\Program Files\Java\jdk-21\bin\zip.dll
0x00007ffc91b50000 - 0x00007ffc922af000 	C:\WINDOWS\System32\SHELL32.dll
0x00007ffc911a0000 - 0x00007ffc9130a000 	C:\WINDOWS\System32\wintypes.dll
0x00007ffc902d0000 - 0x00007ffc90b34000 	C:\WINDOWS\System32\windows.storage.dll
0x00007ffc92580000 - 0x00007ffc92677000 	C:\WINDOWS\System32\SHCORE.dll
0x00007ffc922f0000 - 0x00007ffc92357000 	C:\WINDOWS\System32\shlwapi.dll
0x00007ffc900c0000 - 0x00007ffc900e9000 	C:\WINDOWS\SYSTEM32\profapi.dll
0x00007ffc78320000 - 0x00007ffc7832c000 	C:\Program Files\Java\jdk-21\bin\dt_socket.dll
0x00007ffc8e990000 - 0x00007ffc8e9c3000 	C:\WINDOWS\SYSTEM32\IPHLPAPI.DLL
0x00007ffc8f440000 - 0x00007ffc8f4ab000 	C:\WINDOWS\system32\mswsock.dll
0x00007ffc85980000 - 0x00007ffc85990000 	C:\Program Files\Java\jdk-21\bin\net.dll
0x00007ffc87340000 - 0x00007ffc87467000 	C:\WINDOWS\SYSTEM32\WINHTTP.dll
0x00007ffc659c0000 - 0x00007ffc659d6000 	C:\Program Files\Java\jdk-21\bin\nio.dll
0x00007ffc8ea70000 - 0x00007ffc8eb9a000 	C:\WINDOWS\SYSTEM32\DNSAPI.dll
0x00007ffc93770000 - 0x00007ffc9377a000 	C:\WINDOWS\System32\NSI.dll
0x00007ffc83700000 - 0x00007ffc8370b000 	C:\Windows\System32\rasadhlp.dll
0x00007ffc87d20000 - 0x00007ffc87da6000 	C:\WINDOWS\System32\fwpuclnt.dll
0x00007ffc701d0000 - 0x00007ffc701da000 	C:\Program Files\Java\jdk-21\bin\management.dll
0x00007ffc69bf0000 - 0x00007ffc69bfb000 	C:\Program Files\Java\jdk-21\bin\management_ext.dll
0x00007ffc93760000 - 0x00007ffc93768000 	C:\WINDOWS\System32\PSAPI.DLL
0x00007ffc8f840000 - 0x00007ffc8f85b000 	C:\WINDOWS\SYSTEM32\CRYPTSP.dll
0x00007ffc8ee50000 - 0x00007ffc8ee89000 	C:\WINDOWS\system32\rsaenh.dll
0x00007ffc8f4f0000 - 0x00007ffc8f522000 	C:\WINDOWS\SYSTEM32\USERENV.dll
0x00007ffc90090000 - 0x00007ffc900ba000 	C:\WINDOWS\SYSTEM32\bcrypt.dll
0x00007ffc8f6a0000 - 0x00007ffc8f6ac000 	C:\WINDOWS\SYSTEM32\CRYPTBASE.dll
0x00007ffc6be70000 - 0x00007ffc6be88000 	C:\WINDOWS\system32\napinsp.dll
0x00007ffc6f6a0000 - 0x00007ffc6f6b2000 	C:\WINDOWS\System32\winrnr.dll
0x00007ffc6f670000 - 0x00007ffc6f692000 	C:\WINDOWS\system32\nlansp_c.dll
0x00007ffc85a30000 - 0x00007ffc85a46000 	C:\WINDOWS\system32\wshbth.dll
0x00007ffc70830000 - 0x00007ffc70839000 	C:\Program Files\Java\jdk-21\bin\extnet.dll
0x00007ffc858f0000 - 0x00007ffc858fe000 	C:\Program Files\Java\jdk-21\bin\sunmscapi.dll
0x00007ffc90bf0000 - 0x00007ffc90d67000 	C:\WINDOWS\System32\CRYPT32.dll
0x00007ffc8fac0000 - 0x00007ffc8faf0000 	C:\WINDOWS\SYSTEM32\ncrypt.dll
0x00007ffc8fa70000 - 0x00007ffc8faaf000 	C:\WINDOWS\SYSTEM32\NTASN1.dll
0x00007ffc78310000 - 0x00007ffc78320000 	C:\Program Files\Java\jdk-21\bin\verify.dll

dbghelp: loaded successfully - version: 4.0.5 - missing functions: none
symbol engine: initialized successfully - sym options: 0x614 - pdb path: .;C:\Program Files\Java\jdk-21\bin;C:\WINDOWS\SYSTEM32;C:\Program Files\Avast Software\Avast;C:\WINDOWS\WinSxS\amd64_microsoft.windows.common-controls_6595b64144ccf1df_6.0.26100.8037_none_3e092faae333b53b;C:\Program Files\Java\jdk-21\bin\server;C:\Users\LAGHAA~1\AppData\Local\Temp\idea_libasyncProfiler_dll_temp_folder9350

VM Arguments:
jvm_args: -agentlib:jdwp=transport=dt_socket,address=127.0.0.1:63000,suspend=y,server=n -agentpath:C:\Users\LAGHAA~1\AppData\Local\Temp\idea_libasyncProfiler_dll_temp_folder9350\libasyncProfiler.dll=version,jfr,event=wall,interval=10ms,cstack=no,file=C:\Users\Lagha Ameni\IdeaSnapshots\SpringSecurityJwtApplication_2026_03_31_200937.jfr,dbghelppath=C:\Users\LAGHAA~1\AppData\Local\Temp\idea_dbghelp_dll_temp_folder23027\dbghelp.dll,log=C:\Users\LAGHAA~1\AppData\Local\Temp\SpringSecurityJwtApplication_2026_03_31_200937.jfr.log.txt,logLevel=DEBUG -XX:TieredStopAtLevel=1 -Dspring.output.ansi.enabled=always -Dcom.sun.management.jmxremote -Dspring.jmx.enabled=true -Dspring.liveBeansView.mbeanDomain -Dspring.application.admin.enabled=true -Dmanagement.endpoints.jmx.exposure.include=* -javaagent:C:\Users\LAGHAA~1\AppData\Local\Temp\captureAgent23382jars\debugger-agent.jar -Dkotlinx.coroutines.debug.enable.creation.stack.trace=false -Ddebugger.agent.enable.coroutines=true -Dkotlinx.coroutines.debug.enable.flows.stack.trace=true -Dkotlinx.coroutines.debug.enable.mutable.state.flows.stack.trace=true -Dfile.encoding=UTF-8 -Dsun.stdout.encoding=UTF-8 -Dsun.stderr.encoding=UTF-8 
java_command: com.example.security.SpringSecurityJwtApplication
java_class_path (initial): C:\Users\Lagha Ameni\Desktop\STAGE\TestModuleBack\target\classes;C:\Users\Lagha Ameni\.m2\repository\org\springframework\boot\spring-boot-starter-data-jpa\3.1.5\spring-boot-starter-data-jpa-3.1.5.jar;C:\Users\Lagha Ameni\.m2\repository\org\springframework\boot\spring-boot-starter-aop\3.1.5\spring-boot-starter-aop-3.1.5.jar;C:\Users\Lagha Ameni\.m2\repository\org\aspectj\aspectjweaver\1.9.20\aspectjweaver-1.9.20.jar;C:\Users\Lagha Ameni\.m2\repository\org\springframework\boot\spring-boot-starter-jdbc\3.1.5\spring-boot-starter-jdbc-3.1.5.jar;C:\Users\Lagha Ameni\.m2\repository\com\zaxxer\HikariCP\5.0.1\HikariCP-5.0.1.jar;C:\Users\Lagha Ameni\.m2\repository\org\springframework\spring-jdbc\6.0.13\spring-jdbc-6.0.13.jar;C:\Users\Lagha Ameni\.m2\repository\org\hibernate\orm\hibernate-core\6.2.13.Final\hibernate-core-6.2.13.Final.jar;C:\Users\Lagha Ameni\.m2\repository\jakarta\persistence\jakarta.persistence-api\3.1.0\jakarta.persistence-api-3.1.0.jar;C:\Users\Lagha Ameni\.m2\repository\jakarta\transaction\jakarta.transaction-api\2.0.1\jakarta.transaction-api-2.0.1.jar;C:\Users\Lagha Ameni\.m2\repository\com\fasterxml\classmate\1.5.1\classmate-1.5.1.jar;C:\Users\Lagha Ameni\.m2\repository\net\bytebuddy\byte-buddy\1.14.9\byte-buddy-1.14.9.jar;C:\Users\Lagha Ameni\.m2\repository\jakarta\inject\jakarta.inject-api\2.0.1\jakarta.inject-api-2.0.1.jar;C:\Users\Lagha Ameni\.m2\repository\org\antlr\antlr4-runtime\4.10.1\antlr4-runtime-4.10.1.jar;C:\Users\Lagha Ameni\.m2\repository\org\springframework\data\spring-data-jpa\3.1.5\spring-data-jpa-3.1.5.jar;C:\Users\Lagha Ameni\.m2\repository\org\springframework\data\spring-data-commons\3.1.5\spring-data-commons-3.1.5.jar;C:\Users\Lagha Ameni\.m2\repository\org\springframework\spring-orm\6.0.13\spring-orm-6.0.13.jar;C:\Users\Lagha Ameni\.m2\repository\org\springframework\spring-context\6.0.13\spring-context-6.0.13.jar;C:\Users\Lagha Ameni\.m2\repository\org\springframework\spring-tx\6.0.13\spring-tx-6.0.13.jar;C:\Users\Lagha Ameni\.m2\repository\org\springframework\spring-beans\6.0.13\spring-beans-6.0.13.jar;C:\Users\Lagha Ameni\.m2\repository\jakarta\annotation\jakarta.annotation-api\2.1.1\jakarta.annotation-api-2.1.1.jar;C:\Users\Lagha Ameni\.m2\repository\org\slf4j\slf4j-api\2.0.9\slf4j-api-2.0.9.jar;C:\Users\Lagha Ameni\.m2\repository\org\springframework\spring-aspects\6.0.13\spring-aspects-6.0.13.jar;C:\Users\Lagha Ameni\.m2\repository\org\springframework\boot\spring-boot-starter-security\3.1.5\spring-boot-starter-security-3.1.5.jar;C:\Users\Lagha Ameni\.m2\repository\org\springframework\boot\spring-boot-starter\3.1.5\spring-boot-starter-3.1.5.jar;C:\Users\Lagha Ameni\.m2\repository\org\springframework\boot\spring-boot\3.1.5\spring-boot-3.1.5.jar;C:\Users\Lagha Ameni\.m2\repository\org\springframework\boot\spring-boot-autoconfigure\3.1.5\spring-boot-autoconfigure-3.1.5.jar;C:\Users\Lagha Ameni\.m2\repository\org\springframework\boot\spring-boot-starter-logging\3.1.5\spring-boot-starter-logging-3.1.5.jar;C:\Users\Lagha Ameni\.m2\repository\ch\qos\logback\logback-classic\1.4.11\logback-classic-1.4.11.jar;C:\Users\Lagha Ameni\.m2\repository\ch\qos\logback\logback-core\1.4.11\logback-core-1.4.11.jar;C:\Users\Lagha Ameni\.m2\repository\org\apache\logging\log4j\log4j-to-slf4j\2.20.0\log4j-to-slf4j-2.20.0.jar;C:\Users\Lagha Ameni\.m2\repository\org\apache\logging\log4j\log4j-api\2.20.0\log4j-api-2.20.0.jar;C:\Users\Lagha Ameni\.m2\repository\org\slf4j\jul-to-slf4j\2.0.9\jul-to-slf4j-2.0.9.jar;C:\Users\Lagha Ameni\.m2\repository\org\yaml\snakeyaml\1.33\snakeyaml-1.33.jar;C:\Users\Lagha Ameni\.m2\repository\org\springframework\spring-aop\6.0.13\spring-aop-6.0.13.jar;C:\Users\Lagha Ameni\.m2\repository\org\springframework\security\spring-security-config\6.1.5\spring-security-config-6.1.5.jar;C:\Users\Lagha Ameni\.m2\repository\org\springframework\security\spring-security-web\6.1.5\spring-security-web-6.1.5.jar;C:\Users\Lagha Ameni\.m2\repository\org\springframework\spring-expression\6.0.13\spring-expression-6.0.13.jar;C:\Users\Lagha Ameni\.m2\repository\org\springframework\boot\spring-boot-starter-web\3.1.5\spring-boot-starter-web-3.1.5.jar;C:\Users\Lagha Ameni\.m2\repository\org\springframework\boot\spring-boot-starter-json\3.1.5\spring-boot-starter-json-3.1.5.jar;C:\Users\Lagha Ameni\.m2\repository\com\fasterxml\jackson\datatype\jackson-datatype-jdk8\2.15.3\jackson-datatype-jdk8-2.15.3.jar;C:\Users\Lagha Ameni\.m2\repository\com\fasterxml\jackson\datatype\jackson-datatype-jsr310\2.15.3\jackson-datatype-jsr310-2.15.3.jar;C:\Users\Lagha Ameni\.m2\repository\com\fasterxml\jackson\module\jackson-module-parameter-names\2.15.3\jackson-module-parameter-names-2.15.3.jar;C:\Users\Lagha Ameni\.m2\repository\org\springframework\boot\spring-boot-starter-tomcat\3.1.5\spring-boot-starter-tomcat-3.1.5.jar;C:\Users\Lagha Ameni\.m2\repository\org\apache\tomcat\embed\tomcat-embed-core\10.1.15\tomcat-embed-core-10.1.15.jar;C:\Users\Lagha Ameni\.m2\repository\org\apache\tomcat\embed\tomcat-embed-websocket\10.1.15\tomcat-embed-websocket-10.1.15.jar;C:\Users\Lagha Ameni\.m2\repository\org\springframework\spring-web\6.0.13\spring-web-6.0.13.jar;C:\Users\Lagha Ameni\.m2\repository\io\micrometer\micrometer-observation\1.11.5\micrometer-observation-1.11.5.jar;C:\Users\Lagha Ameni\.m2\repository\io\micrometer\micrometer-commons\1.11.5\micrometer-commons-1.11.5.jar;C:\Users\Lagha Ameni\.m2\repository\org\springframework\spring-webmvc\6.0.13\spring-webmvc-6.0.13.jar;C:\Users\Lagha Ameni\.m2\repository\org\hibernate\orm\hibernate-envers\6.2.13.Final\hibernate-envers-6.2.13.Final.jar;C:\Users\Lagha Ameni\.m2\repository\org\jboss\logging\jboss-logging\3.5.3.Final\jboss-logging-3.5.3.Final.jar;C:\Users\Lagha Ameni\.m2\repository\jakarta\xml\bind\jakarta.xml.bind-api\4.0.1\jakarta.xml.bind-api-4.0.1.jar;C:\Users\Lagha Ameni\.m2\repository\jakarta\activation\jakarta.activation-api\2.1.2\jakarta.activation-api-2.1.2.jar;C:\Users\Lagha Ameni\.m2\repository\org\glassfish\jaxb\jaxb-runtime\4.0.3\jaxb-runtime-4.0.3.jar;C:\Users\Lagha Ameni\.m2\repository\org\glassfish\jaxb\jaxb-core\4.0.3\jaxb-core-4.0.3.jar;C:\Users\Lagha Ameni\.m2\repository\org\glassfish\jaxb\txw2\4.0.3\txw2-4.0.3.jar;C:\Users\Lagha Ameni\.m2\repository\com\sun\istack\istack-commons-runtime\4.1.2\istack-commons-runtime-4.1.2.jar;C:\Users\Lagha Ameni\.m2\repository\org\hibernate\common\hibernate-commons-annotations\6.0.6.Final\hibernate-commons-annotations-6.0.6.Final.jar;C:\Users\Lagha Ameni\.m2\repository\io\smallrye\jandex\3.0.5\jandex-3.0.5.jar;C:\Users\Lagha Ameni\.m2\repository\com\mysql\mysql-connector-j\8.0.33\mysql-connector-j-8.0.33.jar;C:\Users\Lagha Ameni\.m2\repository\org\projectlombok\lombok\1.18.30\lombok-1.18.30.jar;C:\Users\Lagha Ameni\.m2\repository\io\jsonwebtoken\jjwt-api\0.11.5\jjwt-api-0.11.5.jar;C:\Users\Lagha Ameni\.m2\repository\io\jsonwebtoken\jjwt-impl\0.11.5\jjwt-impl-0.11.5.jar;C:\Users\Lagha Ameni\.m2\repository\io\jsonwebtoken\jjwt-jackson\0.11.5\jjwt-jackson-0.11.5.jar;C:\Users\Lagha Ameni\.m2\repository\com\fasterxml\jackson\core\jackson-databind\2.15.3\jackson-databind-2.15.3.jar;C:\Users\Lagha Ameni\.m2\repository\com\fasterxml\jackson\core\jackson-annotations\2.15.3\jackson-annotations-2.15.3.jar;C:\Users\Lagha Ameni\.m2\repository\com\fasterxml\jackson\core\jackson-core\2.15.3\jackson-core-2.15.3.jar;C:\Users\Lagha Ameni\.m2\repository\org\springframework\spring-core\6.0.13\spring-core-6.0.13.jar;C:\Users\Lagha Ameni\.m2\repository\org\springframework\spring-jcl\6.0.13\spring-jcl-6.0.13.jar;C:\Users\Lagha Ameni\.m2\repository\org\springframework\security\spring-security-core\6.1.5\spring-security-core-6.1.5.jar;C:\Users\Lagha Ameni\.m2\repository\org\springframework\security\spring-security-crypto\6.1.5\spring-security-crypto-6.1.5.jar;C:\Users\Lagha Ameni\.m2\repository\io\swagger\core\v3\swagger-annotations-jakarta\2.2.9\swagger-annotations-jakarta-2.2.9.jar;C:\Users\Lagha Ameni\.m2\repository\org\springdoc\springdoc-openapi-starter-webmvc-ui\2.1.0\springdoc-openapi-starter-webmvc-ui-2.1.0.jar;C:\Users\Lagha Ameni\.m2\repository\org\springdoc\springdoc-openapi-starter-webmvc-api\2.1.0\springdoc-openapi-starter-webmvc-api-2.1.0.jar;C:\Users\Lagha Ameni\.m2\repository\org\springdoc\springdoc-openapi-starter-common\2.1.0\springdoc-openapi-starter-common-2.1.0.jar;C:\Users\Lagha Ameni\.m2\repository\io\swagger\core\v3\swagger-core-jakarta\2.2.9\swagger-core-jakarta-2.2.9.jar;C:\Users\Lagha Ameni\.m2\repository\org\apache\commons\commons-lang3\3.12.0\commons-lang3-3.12.0.jar;C:\Users\Lagha Ameni\.m2\repository\io\swagger\core\v3\swagger-models-jakarta\2.2.9\swagger-models-jakarta-2.2.9.jar;C:\Users\Lagha Ameni\.m2\repository\com\fasterxml\jackson\dataformat\jackson-dataformat-yaml\2.15.3\jackson-dataformat-yaml-2.15.3.jar;C:\Users\Lagha Ameni\.m2\repository\org\webjars\swagger-ui\4.18.2\swagger-ui-4.18.2.jar;C:\Users\Lagha Ameni\.m2\repository\org\springframework\boot\spring-boot-starter-mail\3.1.5\spring-boot-starter-mail-3.1.5.jar;C:\Users\Lagha Ameni\.m2\repository\org\springframework\spring-context-support\6.0.13\spring-context-support-6.0.13.jar;C:\Users\Lagha Ameni\.m2\repository\org\eclipse\angus\jakarta.mail\1.1.0\jakarta.mail-1.1.0.jar;C:\Users\Lagha Ameni\.m2\repository\org\eclipse\angus\angus-activation\2.0.1\angus-activation-2.0.1.jar;C:\Users\Lagha Ameni\.m2\repository\org\springframework\boot\spring-boot-starter-validation\3.1.5\spring-boot-starter-validation-3.1.5.jar;C:\Users\Lagha Ameni\.m2\repository\org\apache\tomcat\embed\tomcat-embed-el\10.1.15\tomcat-embed-el-10.1.15.jar;C:\Users\Lagha Ameni\.m2\repository\org\hibernate\validator\hibernate-validator\8.0.1.Final\hibernate-validator-8.0.1.Final.jar;C:\Users\Lagha Ameni\.m2\repository\jakarta\validation\jakarta.validation-api\3.0.2\jakarta.validation-api-3.0.2.jar;C:\Program Files\JetBrains\IntelliJ IDEA 2024.3.4.1\lib\idea_rt.jar
Launcher Type: SUN_STANDARD

[Global flags]
     intx CICompilerCount                          = 12                                        {product} {ergonomic}
     uint ConcGCThreads                            = 3                                         {product} {ergonomic}
     uint G1ConcRefinementThreads                  = 13                                        {product} {ergonomic}
   size_t G1HeapRegionSize                         = 1048576                                   {product} {ergonomic}
    uintx GCDrainStackTargetSize                   = 64                                        {product} {ergonomic}
   size_t InitialHeapSize                          = 130023424                                 {product} {ergonomic}
     bool ManagementServer                         = true                                      {product} {command line}
   size_t MarkStackSize                            = 4194304                                   {product} {ergonomic}
   size_t MaxHeapSize                              = 2069889024                                {product} {ergonomic}
   size_t MaxNewSize                               = 1241513984                                {product} {ergonomic}
   size_t MinHeapDeltaBytes                        = 1048576                                   {product} {ergonomic}
   size_t MinHeapSize                              = 8388608                                   {product} {ergonomic}
    uintx NonNMethodCodeHeapSize                   = 4096                                   {pd product} {ergonomic}
    uintx NonProfiledCodeHeapSize                  = 0                                      {pd product} {ergonomic}
     bool ProfileInterpreter                       = false                                  {pd product} {command line}
    uintx ProfiledCodeHeapSize                     = 0                                      {pd product} {ergonomic}
   size_t SoftMaxHeapSize                          = 2069889024                             {manageable} {ergonomic}
     intx TieredStopAtLevel                        = 1                                         {product} {command line}
     bool UseCompressedOops                        = true                           {product lp64_product} {ergonomic}
     bool UseG1GC                                  = true                                      {product} {ergonomic}
     bool UseLargePagesIndividualAllocation        = false                                  {pd product} {ergonomic}

Logging:
Log output configuration:
 #0: stdout all=warning uptime,level,tags foldmultilines=false
 #1: stderr all=off uptime,level,tags foldmultilines=false

Environment Variables:
JAVA_HOME=C:\Program Files\Eclipse Adoptium\jdk-8.0.472.8-hotspot"
PATH=C:\Program Files\nodejs;C:\Python314\Scripts\;C:\Python314\;C:\Program Files (x86)\npm;C:\Python313\Scripts\;C:\Python313\;C:\app\Lagha\product\11.2.0\dbhome_1\bin;C:\app\product\11.2.0\dbhome_1\bin;C:\oraclexe\app\oracle\product\11.2.0\server\bin;C:\Program Files\Common Files\Oracle\Java\javapath;C:\WINDOWS\system32;C:\WINDOWS;C:\WINDOWS\System32\Wbem;C:\WINDOWS\System32\WindowsPowerShell\v1.0\;C:\WINDOWS\System32\OpenSSH\;C:\Program Files (x86)\NVIDIA Corporation\PhysX\Common;C:\Program Files\NVIDIA Corporation\NVIDIA NvDLISR;C:\MinGW\bin;C:\Program Files\dotnet\;C:\Program Files\Microsoft SQL Server\150\Tools\Binn\;C:\xampp\php;C:\Program Files\Git\cmd;C:\ProgramData\chocolatey\bin;C:\Users\Lagha Ameni\Desktop\4eme Geni Logiciel\Semestre 2\Flutter\src\flutter\bin;C:\Users\Lagha Ameni\AppData\Local\Pub\Cache\bin;C:\Program Files\apache-maven-3.9.9-bin\apache-maven-3.9.9\bin;C:\Program Files\apache-maven-3.9.9-bin\apache-maven-3.9.9;C:\Program Files\Docker\Docker\resources\bin;C:\Users\Lagha Ameni\AppData\Local\Android\Sdk\platform-tools;C:\Program Files\MySQL\MySQL Workbench 8.0 CE;C:\Users\Lagha Ameni\Downloads\mysql-9.5.0-winx64\mysql-9.5.0-winx64\bin;C:\Users\Lagha Ameni\AppData\Local\nvm;C:\nvm4w\nodejs;C:\Users\Lagha Ameni\AppData\Roaming\npm\;C:\Program Files\nodejs\;C:\Program Files\Eclipse Adoptium\jdk-8.0.472.8-hotspot"\bin;C:\Program Files\nodejs;C:\Python314\Scripts\;C:\Python314\;C:\Program Files (x86)\npm;C:\Python313\Scripts\;C:\Python313\;C:\app\Lagha\product\11.2.0\dbhome_1\bin;C:\app\product\11.2.0\dbhome_1\bin;C:\oraclexe\app\oracle\product\11.2.0\server\bin;C:\Program Files\Common Files\Oracle\Java\javapath;C:\WINDOWS\system32;C:\WINDOWS;C:\WINDOWS\System32\Wbem;C:\WINDOWS\System32\WindowsPowerShell\v1.0\;C:\WINDOWS\System32\OpenSSH\;C:\Program Files (x86)\NVIDIA Corporation\PhysX\Common;C:\Program Files\NVIDIA Corporation\NVIDIA NvDLISR;C:\MinGW\bin;C:\Program Files\dotnet\;C:\Program Files\Microsoft SQL Server\150\Tools\Binn\;C:\xampp\php;C:\Program Files\Git\cmd;C:\ProgramData\chocolatey\bin;C:\Users\Lagha Ameni\Desktop\4eme Geni Logiciel\Semestre 2\Flutter\src\flutter\bin;C:\Users\Lagha Ameni\AppData\Local\Pub\Cache\bin;C:\Program Files\apache-maven-3.9.9-bin\apache-maven-3.9.9\bin;C:\Program Files\apache-maven-3.9.9-bin\apache-maven-3.9.9;C:\Program Files\Docker\Docker\resources\bin;C:\Users\Lagha Ameni\AppData\Local\Android\Sdk\platform-tools;C:\Program Files\MySQL\MySQL Workbench 8.0 CE;C:\Users\Lagha Ameni\Downloads\mysql-9.5.0-winx64\mysql-9.5.0-winx64\bin;C:\Users\Lagha Ameni\AppData\Local\nvm;C:\nvm4w\nodejs;C:\Users\Lagha Ameni\AppData\Roaming\npm\;C:\Program Files\nodejs\;C:\Users\Lagha Ameni\AppData\Local\Programs\Microsoft VS Code\bin;C:\Users\Lagha Ameni\AppData\Roaming\npm;C:\Users\Lagha Ameni\AppData\Local\Programs\MiKTeX\miktex\bin\x64\
USERNAME=Lagha Ameni
OS=Windows_NT
PROCESSOR_IDENTIFIER=Intel64 Family 6 Model 154 Stepping 3, GenuineIntel
TMP=C:\Users\LAGHAA~1\AppData\Local\Temp
TEMP=C:\Users\LAGHAA~1\AppData\Local\Temp




Periodic native trim disabled

---------------  S Y S T E M  ---------------

OS:
 Windows 11 , 64 bit Build 26100 (10.0.26100.7920)
OS uptime: 1 days 4:11 hours
Hyper-V role detected

CPU: total 16 (initial active 16) (8 cores per cpu, 2 threads per core) family 6 model 154 stepping 3 microcode 0x424, cx8, cmov, fxsr, ht, mmx, 3dnowpref, sse, sse2, sse3, ssse3, sse4.1, sse4.2, popcnt, lzcnt, tsc, tscinvbit, avx, avx2, aes, erms, clmul, bmi1, bmi2, adx, sha, fma, vzeroupper, clflush, clflushopt, clwb, hv, serialize, rdtscp, rdpid, fsrm, f16c, cet_ibt, cet_ss
Processor Information for processor 0
  Max Mhz: 2300, Current Mhz: 2300, Mhz Limit: 2300
Processor Information for processor 1
  Max Mhz: 2300, Current Mhz: 2300, Mhz Limit: 2300
Processor Information for processor 2
  Max Mhz: 2300, Current Mhz: 2300, Mhz Limit: 2300
Processor Information for processor 3
  Max Mhz: 2300, Current Mhz: 2300, Mhz Limit: 2300
Processor Information for processor 4
  Max Mhz: 2300, Current Mhz: 2300, Mhz Limit: 2300
Processor Information for processor 5
  Max Mhz: 2300, Current Mhz: 2300, Mhz Limit: 2300
Processor Information for processor 6
  Max Mhz: 2300, Current Mhz: 2300, Mhz Limit: 2300
Processor Information for processor 7
  Max Mhz: 2300, Current Mhz: 2300, Mhz Limit: 2300
Processor Information for processor 8
  Max Mhz: 2300, Current Mhz: 2300, Mhz Limit: 2300
Processor Information for processor 9
  Max Mhz: 2300, Current Mhz: 2300, Mhz Limit: 2300
Processor Information for processor 10
  Max Mhz: 2300, Current Mhz: 2300, Mhz Limit: 2300
Processor Information for processor 11
  Max Mhz: 2300, Current Mhz: 2300, Mhz Limit: 2300
Processor Information for processor 12
  Max Mhz: 2300, Current Mhz: 2300, Mhz Limit: 2300
Processor Information for processor 13
  Max Mhz: 2300, Current Mhz: 2300, Mhz Limit: 2300
Processor Information for processor 14
  Max Mhz: 2300, Current Mhz: 2300, Mhz Limit: 2300
Processor Information for processor 15
  Max Mhz: 2300, Current Mhz: 1488, Mhz Limit: 2300

Memory: 4k page, system-wide physical 7893M (71M free)
TotalPageFile size 32469M (AvailPageFile size 32M)
current process WorkingSet (physical memory assigned to process): 163M, peak: 188M
current process commit charge ("private bytes"): 347M, peak: 386M

vm_info: Java HotSpot(TM) 64-Bit Server VM (21.0.2+13-LTS-58) for windows-amd64 JRE (21.0.2+13-LTS-58), built on 2024-01-05T18:32:24Z by "mach5one" with MS VC++ 17.1 (VS2022)

END.
